c:\users\navid\desktop\profval oop\debug\vc142.pdb
c:\users\navid\desktop\profval oop\debug\vc142.idb
c:\users\navid\desktop\profval oop\debug\utils.obj
c:\users\navid\desktop\profval oop\debug\readwriteable.obj
c:\users\navid\desktop\profval oop\debug\pubrecord.obj
c:\users\navid\desktop\profval oop\debug\pubapp.obj
c:\users\navid\desktop\profval oop\debug\menu.obj
c:\users\navid\desktop\profval oop\debug\magazine.obj
c:\users\navid\desktop\profval oop\debug\library.obj
c:\users\navid\desktop\profval oop\debug\date.obj
c:\users\navid\desktop\profval oop\debug\book.obj
c:\users\navid\desktop\profval oop\debug\profval oop.exe
c:\users\navid\desktop\profval oop\debug\profval oop.ilk
c:\users\navid\desktop\profval oop\debug\profval oop.pdb
c:\users\navid\desktop\profval oop\debug\book.obj.enc
c:\users\navid\desktop\profval oop\debug\date.obj.enc
c:\users\navid\desktop\profval oop\debug\menu.obj.enc
c:\users\navid\desktop\profval oop\debug\profval oop.tlog\cl.command.1.tlog
c:\users\navid\desktop\profval oop\debug\profval oop.tlog\cl.read.1.tlog
c:\users\navid\desktop\profval oop\debug\profval oop.tlog\cl.write.1.tlog
c:\users\navid\desktop\profval oop\debug\profval oop.tlog\link.command.1.tlog
c:\users\navid\desktop\profval oop\debug\profval oop.tlog\link.read.1.tlog
c:\users\navid\desktop\profval oop\debug\profval oop.tlog\link.write.1.tlog
